build/app/outputs/mapping/release/seeds.txt
com.example.fludo.MainActivity
com.example.fludo.MainActivity: MainActivity()
...
androidx.window.core.Version: java.lang.String description
androidx.window.layout.WindowInfoTracker$Companion: java.lang.String TAG
io.flutter.embedding.engine.FlutterJNI: float refreshRateFPS
androidx.window.R$styleable: int SplitPairRule_finishPrimaryWithSecondary
androidx.window.R$attr: int splitLayoutDirection
androidx.window.embedding.SplitPairFilter: android.content.ComponentName secondaryActivityName
androidx.window.embedding.SplitPairRule: java.util.Set filters
androidx.window.embedding.SplitController: java.util.concurrent.locks.ReentrantLock globalLock
androidx.window.embedding.SplitPairRule: boolean clearTop
io.flutter.plugin.editing.ImeSyncDeferringInsetsCallback: int deferredInsetTypes
androidx.window.R$styleable: int SplitPlaceholderRule_splitRatio
io.flutter.plugin.platform.SingleViewPresentation: android.view.View$OnFocusChangeListener focusChangeListener
androidx.window.layout.WindowMetricsCalculator$Companion$decorator$1: androidx.window.layout.WindowMetricsCalculator$Companion$decorator$1 INSTANCE
androidx.window.R$attr: int activityAction
io.flutter.view.AccessibilityViewEmbedder: java.util.Map embeddedViewToDisplayBounds
kotlinx.coroutines.DefaultExecutor: java.lang.Thread _thread
androidx.window.embedding.MatcherUtils: boolean sDebugMatchers
androidx.window.layout.WindowInfoTracker$Companion: androidx.window.layout.WindowInfoTracker$Companion $$INSTANCE
androidx.window.R$styleable: int SplitPairRule_clearTop
io.flutter.embedding.engine.FlutterJNI: io.flutter.embedding.engine.deferredcomponents.DeferredComponentManager deferredComponentManager
androidx.lifecycle.Lifecycle$Event: androidx.lifecycle.Lifecycle$Event ON_CREATE
androidx.window.core.Version: kotlin.Lazy bigInteger$delegate
androidx.window.java.layout.WindowInfoTrackerCallbackAdapter$addListener$1$1: kotlinx.coroutines.flow.Flow $flow
androidx.window.embedding.ExtensionEmbeddingBackend: androidx.window.embedding.ExtensionEmbeddingBackend globalInstance
androidx.window.layout.SidecarCompat$DistinctElementCallback: androidx.window.layout.ExtensionInterfaceCompat$ExtensionCallbackInterface callbackInterface
kotlinx.coroutines.CancelledContinuation: int _resumed
kotlinx.coroutines.internal.LockFreeTaskQueueCore: java.lang.Object _next
androidx.window.R$styleable: int[] SplitPairRule
androidx.window.layout.ExtensionWindowLayoutInfoBackend: java.util.Map listenerToActivity
kotlin.jvm.internal.CallableReference: java.lang.String signature
io.flutter.embedding.engine.FlutterJNI: java.util.Set engineLifecycleListeners
kotlinx.coroutines.channels.ArrayChannel: int size
io.flutter.embedding.engine.renderer.SurfaceTextureWrapper: java.lang.Runnable onFrameConsumed
kotlinx.coroutines.internal.ThreadSafeHeap: int _size
androidx.versionedparcelable.ParcelImpl: android.os.Parcelable$Creator CREATOR
androidx.window.embedding.SplitRule: int layoutDirection
androidx.window.layout.SidecarCompat$FirstAttachAdapter: java.lang.ref.WeakReference activityWeakReference
androidx.window.core.Version$bigInteger$2: androidx.window.core.Version this$0
io.flutter.embedding.engine.renderer.SurfaceTextureWrapper: android.graphics.SurfaceTexture surfaceTexture
androidx.window.java.layout.WindowInfoTrackerCallbackAdapter: java.util.Map consumerToJobMap
androidx.window.R$attr: int placeholderActivityName
io.flutter.embedding.engine.FlutterJNI: boolean loadLibraryCalled
androidx.window.core.Version: androidx.window.core.Version UNKNOWN
androidx.window.layout.FoldingFeature$OcclusionType: androidx.window.layout.FoldingFeature$OcclusionType FULL
androidx.window.embedding.ActivityStack: boolean isEmpty
kotlinx.coroutines.internal.LockFreeLinkedListNode: java.lang.Object _next
androidx.window.R$styleable: int[] ActivityRule
androidx.window.core.Bounds: int right
kotlinx.coroutines.scheduling.CoroutineScheduler$Worker: int indexInArray
io.flutter.plugin.editing.ImeSyncDeferringInsetsCallback: io.flutter.plugin.editing.ImeSyncDeferringInsetsCallback$AnimationCallback animationCallback