build/app/outputs/mapping/release/mapping.txt
# compiler: R8
# compiler_version: 3.3.70
# min_api: 16
# common_typos_disable
# {"id":"com.android.tools.r8.mapping","version":"2.0"}
# pg_map_id: 5df1f2b
# pg_map_hash: SHA-256 5df1f2bc8e73f9bd4dcadb65522bc24a35aca76593fb4f510978b35859717c10
com.example.fludo.MainActivity -> com.example.fludo.MainActivity:
    void configureFlutterEngine(io.flutter.embedding.engine.FlutterEngine) -> E
...
io.flutter.embedding.engine.systemchannels.KeyboardChannel$1 -> y.e$a:
    java.util.Map pressedState -> a
    io.flutter.embedding.engine.systemchannels.KeyboardChannel this$0 -> b
    void onMethodCall(io.flutter.plugin.common.MethodCall,io.flutter.plugin.common.MethodChannel$Result) -> a
io.flutter.embedding.engine.systemchannels.KeyboardChannel$KeyboardMethodHandler -> y.e$b:
    java.util.Map getKeyboardState() -> a
io.flutter.embedding.engine.systemchannels.LifecycleChannel -> y.f:
    io.flutter.embedding.engine.systemchannels.LifecycleChannel$AppLifecycleState lastFlutterState -> b
    io.flutter.embedding.engine.systemchannels.LifecycleChannel$AppLifecycleState lastAndroidState -> a
    io.flutter.plugin.common.BasicMessageChannel channel -> d
    boolean lastFocus -> c
    void aWindowIsFocused() -> a
    void appIsDetached() -> b
    void appIsInactive() -> c
    void appIsPaused() -> d
    void appIsResumed() -> e
    void noWindowsAreFocused() -> f
    void sendState(io.flutter.embedding.engine.systemchannels.LifecycleChannel$AppLifecycleState,boolean) -> g
io.flutter.embedding.engine.systemchannels.LifecycleChannel$1 -> y.f$a:
    int[] $SwitchMap$io$flutter$embedding$engine$systemchannels$LifecycleChannel$AppLifecycleState -> a
io.flutter.embedding.engine.systemchannels.LifecycleChannel$AppLifecycleState -> y.f$b:
    io.flutter.embedding.engine.systemchannels.LifecycleChannel$AppLifecycleState PAUSED -> h
    io.flutter.embedding.engine.systemchannels.LifecycleChannel$AppLifecycleState HIDDEN -> g
    io.flutter.embedding.engine.systemchannels.LifecycleChannel$AppLifecycleState INACTIVE -> f
    io.flutter.embedding.engine.systemchannels.LifecycleChannel$AppLifecycleState RESUMED -> e
    io.flutter.embedding.engine.systemchannels.LifecycleChannel$AppLifecycleState DETACHED -> d
    io.flutter.embedding.engine.systemchannels.LifecycleChannel$AppLifecycleState[] $VALUES -> i
io.flutter.embedding.engine.systemchannels.LocalizationChannel -> y.g:
    io.flutter.plugin.common.MethodChannel$MethodCallHandler handler -> c
    io.flutter.plugin.common.MethodChannel channel -> a
    io.flutter.embedding.engine.systemchannels.LocalizationChannel$LocalizationMessageHandler localizationMessageHandler -> b
    io.flutter.embedding.engine.systemchannels.LocalizationChannel$LocalizationMessageHandler access$000(io.flutter.embedding.engine.systemchannels.LocalizationChannel) -> a
    void sendLocales(java.util.List) -> b
    void setLocalizationMessageHandler(io.flutter.embedding.engine.systemchannels.LocalizationChannel$LocalizationMessageHandler) -> c
io.flutter.embedding.engine.systemchannels.LocalizationChannel$1 -> y.g$a:
    io.flutter.embedding.engine.systemchannels.LocalizationChannel this$0 -> a
    void onMethodCall(io.flutter.plugin.common.MethodCall,io.flutter.plugin.common.MethodChannel$Result) -> a
io.flutter.embedding.engine.systemchannels.LocalizationChannel$LocalizationMessageHandler -> y.g$b:
    java.lang.String getStringResource(java.lang.String,java.lang.String) -> a
io.flutter.embedding.engine.systemchannels.MouseCursorChannel -> y.h:
    io.flutter.embedding.engine.systemchannels.MouseCursorChannel$MouseCursorMethodHandler mouseCursorMethodHandler -> b
    io.flutter.plugin.common.MethodChannel$MethodCallHandler parsingMethodCallHandler -> c
    io.flutter.plugin.common.MethodChannel channel -> a
    io.flutter.embedding.engine.systemchannels.MouseCursorChannel$MouseCursorMethodHandler access$000(io.flutter.embedding.engine.systemchannels.MouseCursorChannel) -> a
    void setMethodHandler(io.flutter.embedding.engine.systemchannels.MouseCursorChannel$MouseCursorMethodHandler) -> b
io.flutter.embedding.engine.systemchannels.MouseCursorChannel$1 -> y.h$a:
    io.flutter.embedding.engine.systemchannels.MouseCursorChannel this$0 -> a
    void onMethodCall(io.flutter.plugin.common.MethodCall,io.flutter.plugin.common.MethodChannel$Result) -> a