build/app/outputs/mapping/release/usage.txt
com.example.fludo.BuildConfig
com.example.fludo.R$attr
com.example.fludo.R$color
com.example.fludo.R$dimen
com.example.fludo.R$drawable
com.example.fludo.R$id
com.example.fludo.R$integer
com.example.fludo.R$layout
com.example.fludo.R$mipmap
com.example.fludo.R$string
com.example.fludo.R$style
com.example.fludo.R$styleable
com.example.fludo.R
...
org.intellij.lang.annotations.JdkConstants$InputEventMask
org.intellij.lang.annotations.JdkConstants$ListSelectionMode
org.intellij.lang.annotations.JdkConstants$PatternFlags
org.intellij.lang.annotations.JdkConstants$TabLayoutPolicy
org.intellij.lang.annotations.JdkConstants$TabPlacement
org.intellij.lang.annotations.JdkConstants$TitledBorderJustification
org.intellij.lang.annotations.JdkConstants$TitledBorderTitlePosition
org.intellij.lang.annotations.JdkConstants$TreeSelectionMode
org.intellij.lang.annotations.JdkConstants
org.intellij.lang.annotations.Language
org.intellij.lang.annotations.MagicConstant
org.intellij.lang.annotations.Pattern
org.intellij.lang.annotations.PrintFormat
org.intellij.lang.annotations.PrintFormatPattern
org.intellij.lang.annotations.RegExp
org.intellij.lang.annotations.Subst
org.jetbrains.annotations.Contract
org.jetbrains.annotations.Nls
org.jetbrains.annotations.NonNls
org.jetbrains.annotations.NotNull
org.jetbrains.annotations.Nullable
org.jetbrains.annotations.PropertyKey
org.jetbrains.annotations.TestOnly
androidx.activity.ComponentActivity$2$$InternalSyntheticApiModelOutline$1$1d86b29ca7cfe57ae559109843662f3c7cc3b33f8c97d2e2d499a492455633f1$0
androidx.activity.ComponentActivity$2:
    final synthetic androidx.activity.ComponentActivity this$0
androidx.activity.ComponentActivity$3:
    final synthetic androidx.activity.ComponentActivity this$0
androidx.activity.ComponentActivity
androidx.activity.OnBackPressedCallback
androidx.activity.OnBackPressedDispatcher$LifecycleOnBackPressedCancellable:
    private final androidx.activity.OnBackPressedCallback mOnBackPressedCallback
    final synthetic androidx.activity.OnBackPressedDispatcher this$0
androidx.activity.OnBackPressedDispatcher:
    androidx.activity.Cancellable addCancellableCallback(androidx.activity.OnBackPressedCallback)
    public void onBackPressed()
androidx.core.app.ComponentActivity
androidx.fragment.app.Fragment$2$$InternalSyntheticApiModelOutline$1$059e5af1c7a1af1f85e1b8265b6459b4c835cf0ff78539da7d7e89085377970f$0
androidx.fragment.app.Fragment$2:
    final synthetic androidx.fragment.app.Fragment this$0
androidx.fragment.app.Fragment
androidx.lifecycle.ClassesInfoCache$CallbackInfo
androidx.lifecycle.LiveData$LifecycleBoundObserver:
    final synthetic androidx.lifecycle.LiveData this$0
androidx.lifecycle.LiveData$ObserverWrapper:
    final androidx.lifecycle.Observer mObserver
    final synthetic androidx.lifecycle.LiveData this$0
androidx.lifecycle.LiveData
androidx.lifecycle.Observer
androidx.lifecycle.ReflectiveGenericLifecycleObserver:
    private final androidx.lifecycle.ClassesInfoCache$CallbackInfo mInfo
    private final java.lang.Object mWrapped
androidx.lifecycle.ViewModelStore
androidx.savedstate.Recreator:
    private void reflectiveNew(java.lang.String)
androidx.savedstate.SavedStateRegistry$1:
    final synthetic androidx.savedstate.SavedStateRegistry this$0
androidx.savedstate.SavedStateRegistry$AutoRecreated
androidx.savedstate.SavedStateRegistry:
    boolean mAllowingSavingState
    public android.os.Bundle consumeRestoredStateForKey(java.lang.String)
io.flutter.Log:
    public static int ASSERT
    public static int DEBUG
    public static int ERROR
    public static int INFO
    public static int VERBOSE
    public static int WARN
    private static int logLevel
io.flutter.embedding.engine.FlutterEngineConnectionRegistry$FlutterEngineServicePluginBinding
io.flutter.embedding.engine.FlutterEngineConnectionRegistry:
    private io.flutter.embedding.engine.FlutterEngineConnectionRegistry$FlutterEngineServicePluginBinding servicePluginBinding
io.flutter.embedding.engine.loader.ResourceExtractor:
    void waitForCompletion()
io.flutter.embedding.engine.systemchannels.PlatformChannel$PlatformMessageHandler$-CC
io.flutter.plugin.common.BinaryMessenger$-CC
io.flutter.plugin.platform.PlatformPlugin$PlatformPluginDelegate$-CC
io.flutter.plugin.platform.PlatformView$-CC